[2026-02-13 14:36:27] Starting Java Batch...
File written to: hello_manual.txt
[2026-02-13 14:36:27] Batch Finished.
[2026-02-13 14:39:30] Starting Java Batch...
File written to: hello_manual.txt
[2026-02-13 14:39:30] Batch Finished.
[2026-02-13 14:39:36] Starting Java Batch...
File written to: hello_manual.txt
[2026-02-13 14:39:36] Batch Finished.
[2026-02-13 14:39:38] Starting Java Batch...
File written to: hello_manual.txt
[2026-02-13 14:39:38] Batch Finished.
[2026-02-13 14:39:43] Starting Java Batch...
File written to: hello_manual.txt
[2026-02-13 14:39:43] Batch Finished.
[2026-02-13 14:42:08] Starting Java Batch...
File written to: hello_manual.txt
[2026-02-13 14:42:08] Batch Finished.
[2026-02-13 14:42:44] Starting Java Batch...
File written to: hello_manual.txt
[2026-02-13 14:42:44] Batch Finished.
[2026-02-13 15:35:29] Starting Java Batch...
File written to: hello_manual.txt
[2026-02-13 15:35:29] Batch Finished.
[2026-02-13 15:36:58] Starting Java Batch...
File written to: hello_manual.txt
[2026-02-13 15:36:58] Batch Finished.
[2026-02-13 15:38:46] Starting Java Batch...
File written to: hello_manual.txt
[2026-02-13 15:38:46] Batch Finished.
[2026-02-13 15:41:34] Starting Java Batch...
File written to: hello_manual.txt
[2026-02-13 15:41:34] Batch Finished.
[2026-02-13 15:43:21] Starting Java Batch...

  .   ____          _            __ _ _
 /\\ / ___'_ __ _ _(_)_ __  __ _ \ \ \ \
( ( )\___ | '_ | '_| | '_ \/ _` | \ \ \ \
 \\/  ___)| |_)| | | | | || (_| |  ) ) ) )
  '  |____| .__|_| |_|_| |_\__, | / / / /
 =========|_|==============|___/=/_/_/_/
 :: Spring Boot ::                (v3.2.0)

2026-02-13T15:43:23.037+07:00  INFO 498 --- [           main] com.example.spring.SpringApp             : Starting SpringApp v1.0-SNAPSHOT using Java 17.0.18 with PID 498 (/app/scripts/spring-batch-app-1.0-SNAPSHOT.jar started by root in /app/scripts)
2026-02-13T15:43:23.042+07:00  INFO 498 --- [           main] com.example.spring.SpringApp             : The following 1 profile is active: "sum"
2026-02-13T15:43:24.141+07:00  INFO 498 --- [           main] com.example.spring.SpringApp             : Started SpringApp in 2.044 seconds (process running for 2.999)
Spring Context Save: 66 Success
[2026-02-13 15:43:21] Batch Finished.
